-------------------------------------------------------------------------------
Test set: com.objis.demomaven.AppTest
-------------------------------------------------------------------------------
Tests run: 2, Failures: 1, Errors: 0, Skipped: 0, Time elapsed: 0.028 s <<< FAILURE! - in com.objis.demomaven.AppTest
shouldAnswerWithFalse(com.objis.demomaven.AppTest)  Time elapsed: 0.004 s  <<< FAILURE!
java.lang.AssertionError
	at com.objis.demomaven.AppTest.shouldAnswerWithFalse(AppTest.java:25)

